mkdir: cannot create directory 'workdir_0': File exists
I0100 00:00:00.000000   152 op_repository.h:65] RAW: Succ regist op: GeneralDistKVInferOp
I0100 00:00:00.000000   152 op_repository.h:65] RAW: Succ regist op: GeneralTextReaderOp
I0100 00:00:00.000000   152 op_repository.h:65] RAW: Succ regist op: GeneralCopyOp
I0100 00:00:00.000000   152 op_repository.h:65] RAW: Succ regist op: GeneralDistKVQuantInferOp
I0100 00:00:00.000000   152 op_repository.h:65] RAW: Succ regist op: GeneralReaderOp
I0100 00:00:00.000000   152 op_repository.h:65] RAW: Succ regist op: GeneralInferOp
I0100 00:00:00.000000   152 op_repository.h:65] RAW: Succ regist op: GeneralTextResponseOp
I0100 00:00:00.000000   152 op_repository.h:65] RAW: Succ regist op: GeneralResponseOp
I0100 00:00:00.000000   152 service_manager.h:61] RAW: Service[LoadGeneralModelService] insert successfully!
I0100 00:00:00.000000   152 load_general_model_service.pb.h:299] RAW: Success regist service[LoadGeneralModelService][PN5baidu14paddle_serving9predictor26load_general_model_service27LoadGeneralModelServiceImplE]
I0100 00:00:00.000000   152 service_manager.h:61] RAW: Service[GeneralModelService] insert successfully!
I0100 00:00:00.000000   152 general_model_service.pb.h:1473] RAW: Success regist service[GeneralModelService][PN5baidu14paddle_serving9predictor13general_model23GeneralModelServiceImplE]
I0100 00:00:00.000000   152 factory.h:121] RAW: Succ insert one factory, tag: FLUID_GPU_ANALYSIS, base type N5baidu14paddle_serving9predictor11InferEngineE
W0100 00:00:00.000000   152 fluid_gpu_engine.cpp:27] RAW: Succ regist factory: ::baidu::paddle_serving::predictor::FluidInferEngine<FluidGpuAnalysisCore>->::baidu::paddle_serving::predictor::InferEngine, tag: FLUID_GPU_ANALYSIS in macro!
I0100 00:00:00.000000   152 factory.h:121] RAW: Succ insert one factory, tag: FLUID_GPU_ANALYSIS_DIR, base type N5baidu14paddle_serving9predictor11InferEngineE
W0100 00:00:00.000000   152 fluid_gpu_engine.cpp:33] RAW: Succ regist factory: ::baidu::paddle_serving::predictor::FluidInferEngine< FluidGpuAnalysisDirCore>->::baidu::paddle_serving::predictor::InferEngine, tag: FLUID_GPU_ANALYSIS_DIR in macro!
I0100 00:00:00.000000   152 factory.h:121] RAW: Succ insert one factory, tag: FLUID_GPU_ANALYSIS_DIR_SIGMOID, base type N5baidu14paddle_serving9predictor11InferEngineE
W0100 00:00:00.000000   152 fluid_gpu_engine.cpp:39] RAW: Succ regist factory: ::baidu::paddle_serving::predictor::FluidInferEngine< FluidGpuAnalysisDirWithSigmoidCore>->::baidu::paddle_serving::predictor::InferEngine, tag: FLUID_GPU_ANALYSIS_DIR_SIGMOID in macro!
I0100 00:00:00.000000   152 factory.h:121] RAW: Succ insert one factory, tag: FLUID_GPU_NATIVE, base type N5baidu14paddle_serving9predictor11InferEngineE
W0100 00:00:00.000000   152 fluid_gpu_engine.cpp:44] RAW: Succ regist factory: ::baidu::paddle_serving::predictor::FluidInferEngine<FluidGpuNativeCore>->::baidu::paddle_serving::predictor::InferEngine, tag: FLUID_GPU_NATIVE in macro!
I0100 00:00:00.000000   152 factory.h:121] RAW: Succ insert one factory, tag: FLUID_GPU_NATIVE_DIR, base type N5baidu14paddle_serving9predictor11InferEngineE
W0100 00:00:00.000000   152 fluid_gpu_engine.cpp:49] RAW: Succ regist factory: ::baidu::paddle_serving::predictor::FluidInferEngine<FluidGpuNativeDirCore>->::baidu::paddle_serving::predictor::InferEngine, tag: FLUID_GPU_NATIVE_DIR in macro!
I0100 00:00:00.000000   152 factory.h:121] RAW: Succ insert one factory, tag: FLUID_GPU_NATIVE_DIR_SIGMOID, base type N5baidu14paddle_serving9predictor11InferEngineE
W0100 00:00:00.000000   152 fluid_gpu_engine.cpp:55] RAW: Succ regist factory: ::baidu::paddle_serving::predictor::FluidInferEngine< FluidGpuNativeDirWithSigmoidCore>->::baidu::paddle_serving::predictor::InferEngine, tag: FLUID_GPU_NATIVE_DIR_SIGMOID in macro!
I0100 00:00:00.000000   152 factory.h:121] RAW: Succ insert one factory, tag: FLUID_CPU_ANALYSIS, base type N5baidu14paddle_serving9predictor11InferEngineE
W0100 00:00:00.000000   152 fluid_cpu_engine.cpp:25] RAW: Succ regist factory: ::baidu::paddle_serving::predictor::FluidInferEngine<FluidCpuAnalysisCore>->::baidu::paddle_serving::predictor::InferEngine, tag: FLUID_CPU_ANALYSIS in macro!
I0100 00:00:00.000000   152 factory.h:121] RAW: Succ insert one factory, tag: FLUID_CPU_ANALYSIS_DIR, base type N5baidu14paddle_serving9predictor11InferEngineE
W0100 00:00:00.000000   152 fluid_cpu_engine.cpp:31] RAW: Succ regist factory: ::baidu::paddle_serving::predictor::FluidInferEngine< FluidCpuAnalysisDirCore>->::baidu::paddle_serving::predictor::InferEngine, tag: FLUID_CPU_ANALYSIS_DIR in macro!
I0100 00:00:00.000000   152 factory.h:121] RAW: Succ insert one factory, tag: FLUID_CPU_ANALYSIS_DIR_SIGMOID, base type N5baidu14paddle_serving9predictor11InferEngineE
W0100 00:00:00.000000   152 fluid_cpu_engine.cpp:37] RAW: Succ regist factory: ::baidu::paddle_serving::predictor::FluidInferEngine< FluidCpuAnalysisDirWithSigmoidCore>->::baidu::paddle_serving::predictor::InferEngine, tag: FLUID_CPU_ANALYSIS_DIR_SIGMOID in macro!
I0100 00:00:00.000000   152 factory.h:121] RAW: Succ insert one factory, tag: FLUID_CPU_NATIVE, base type N5baidu14paddle_serving9predictor11InferEngineE
W0100 00:00:00.000000   152 fluid_cpu_engine.cpp:42] RAW: Succ regist factory: ::baidu::paddle_serving::predictor::FluidInferEngine<FluidCpuNativeCore>->::baidu::paddle_serving::predictor::InferEngine, tag: FLUID_CPU_NATIVE in macro!
I0100 00:00:00.000000   152 factory.h:121] RAW: Succ insert one factory, tag: FLUID_CPU_NATIVE_DIR, base type N5baidu14paddle_serving9predictor11InferEngineE
W0100 00:00:00.000000   152 fluid_cpu_engine.cpp:47] RAW: Succ regist factory: ::baidu::paddle_serving::predictor::FluidInferEngine<FluidCpuNativeDirCore>->::baidu::paddle_serving::predictor::InferEngine, tag: FLUID_CPU_NATIVE_DIR in macro!
I0100 00:00:00.000000   152 factory.h:121] RAW: Succ insert one factory, tag: FLUID_CPU_NATIVE_DIR_SIGMOID, base type N5baidu14paddle_serving9predictor11InferEngineE
W0100 00:00:00.000000   152 fluid_cpu_engine.cpp:53] RAW: Succ regist factory: ::baidu::paddle_serving::predictor::FluidInferEngine< FluidCpuNativeDirWithSigmoidCore>->::baidu::paddle_serving::predictor::InferEngine, tag: FLUID_CPU_NATIVE_DIR_SIGMOID in macro!
I0426 01:05:51.248775   152 analysis_predictor.cc:138] Profiler is deactivated, and no profiling report will be generated.
I0426 01:05:51.254837   152 analysis_predictor.cc:875] MODEL VERSION: 1.8.5
I0426 01:05:51.254881   152 analysis_predictor.cc:877] PREDICTOR VERSION: 1.8.4
I0426 01:05:51.255030   152 analysis_predictor.cc:474] ir_optim is turned off, no IR pass will be executed
[1m[35m--- Running analysis [ir_graph_build_pass][0m
[1m[35m--- Running analysis [ir_graph_clean_pass][0m
[1m[35m--- Running analysis [ir_analysis_pass][0m
[1m[35m--- Running analysis [ir_params_sync_among_devices_pass][0m
I0426 01:05:51.296106   152 ir_params_sync_among_devices_pass.cc:41] Sync params from CPU to GPU
[1m[35m--- Running analysis [adjust_cudnn_workspace_size_pass][0m
[1m[35m--- Running analysis [inference_op_replace_pass][0m
[1m[35m--- Running analysis [memory_optimize_pass][0m
I0426 01:05:51.326429   152 memory_optimize_pass.cc:223] Cluster name : batch_norm_21.tmp_1  size: 2048
I0426 01:05:51.326452   152 memory_optimize_pass.cc:223] Cluster name : nearest_interp_4.tmp_0  size: 6553600
I0426 01:05:51.326458   152 memory_optimize_pass.cc:223] Cluster name : nearest_interp_3.tmp_0  size: 6553600
I0426 01:05:51.326465   152 memory_optimize_pass.cc:223] Cluster name : image  size: 4915200
I0426 01:05:51.326470   152 memory_optimize_pass.cc:223] Cluster name : conv2d_5.tmp_0  size: 6553600
I0426 01:05:51.326476   152 memory_optimize_pass.cc:223] Cluster name : elementwise_add_10.tmp_0  size: 26214400
I0426 01:05:51.326483   152 memory_optimize_pass.cc:223] Cluster name : nearest_interp_2.tmp_0  size: 26214400
I0426 01:05:51.326488   152 memory_optimize_pass.cc:223] Cluster name : conv2d_22.tmp_0  size: 819200
I0426 01:05:51.326493   152 memory_optimize_pass.cc:223] Cluster name : batch_norm_2.tmp_3  size: 26214400
[1m[35m--- Running analysis [ir_graph_to_program_pass][0m
I0426 01:05:51.341161   152 analysis_predictor.cc:496] ======= optimize end =======
W0426 01:05:51.341948   152 infer.h:487] Succ load common model[0x355bb2e0], path[/model/det_infer_server].
W0426 01:05:51.341969   152 infer.h:185] Succ load model_data_path/model/det_infer_server
